<?xml version="1.0" encoding="UTF-8"?>
<testng-results ignored="0" total="1" passed="1" failed="0" skipped="0">
  <reporter-output>
  </reporter-output>
  <suite started-at="2021-04-22T12:11:48 IST" name="Default suite" finished-at="2021-04-22T12:12:39 IST" duration-ms="51378">
    <groups>
    </groups>
    <test started-at="2021-04-22T12:11:48 IST" name="Default test" finished-at="2021-04-22T12:12:39 IST" duration-ms="51378">
      <class name="com.assignment.Testcases.Assignment">
        <test-method signature="managerLogin()[pri:0, instance:com.assignment.Testcases.Assignment@5f683daf]" started-at="2021-04-22T12:11:48 IST" name="managerLogin" finished-at="2021-04-22T12:12:39 IST" duration-ms="51258" status="PASS">
          <reporter-output>
          </reporter-output>
        </test-method> <!-- managerLogin -->
      </class> <!-- com.assignment.Testcases.Assignment -->
    </test> <!-- Default test -->
  </suite> <!-- Default suite -->
</testng-results>
